Removed Pin From Net: NetName=VOUT1 Pin=D12-2
Removed Pin From Net: NetName=LINK_LED Pin=R7-1
Removed Pin From Net: NetName=LINK_LED Pin=TP4-1
Removed Pin From Net: NetName=LINK_LED Pin=U8-1
Removed Pin From Net: NetName=GND Pin=U8-2
Change Component Footprint: Designator=D12 Old Footprint=LED_FM-3510RGBA-SG New Footprint=MHK33147CGBTD
Change Component Comment : Designator=D12 Old Comment=FM-3510RGBA-SG New Comment=3 Diode Vertical LED Green
Change component parameters: Designator = "D12" ("D12"); Footprint = "LED_FM-3510RGBA-SG"; UniqueID = "\PNDPFILX" ("\PNDPFILX")
Change component parameters (AddParameter): Name = "ComponentLink1Description"; Value = "LCSC"; VariantName = "[No Variations]"
Change component parameters (AddParameter): Name = "ComponentLink1URL"; Value = "https://www.lcsc.com/product-detail/Light-Emitting-Diodes-LED_MEIHUA-MHK33147CGBTD_C7470849.html"; VariantName = "[No Variations]"
Change component parameters (AddParameter): Name = "Manufacturer"; Value = "MEIHUA"; VariantName = "[No Variations]"
Change component parameters (AddParameter): Name = "Manufacturer Part Number"; Value = "MHK33147CGBTD"; VariantName = "[No Variations]"
Change component parameters (AddParameter): Name = "Supplier"; Value = "LCSC"; VariantName = "[No Variations]"
Change component parameters (AddParameter): Name = "Supplier Part Number"; Value = "C7470849"; VariantName = "[No Variations]"
Added Component: Designator=J5(61300111121)
Add component (AddParameter): Name = "ComponentLink1Description"; Value = "LCSC"; VariantName = "[No Variations]"
Add component (AddParameter): Name = "ComponentLink1URL"; Value = "https://www.lcsc.com/product-detail/Pin-Headers_XFCN-PZ254V-11-01P_C492400.html"; VariantName = "[No Variations]"
Add component (AddParameter): Name = "Manufacturer"; Value = "XFCN"; VariantName = "[No Variations]"
Add component (AddParameter): Name = "Manufacturer Part Number"; Value = "PZ254V-11-01P"; VariantName = "[No Variations]"
Add component (AddParameter): Name = "Supplier"; Value = "LCSC"; VariantName = "[No Variations]"
Add component (AddParameter): Name = "Supplier Part Number"; Value = "C492400"; VariantName = "[No Variations]"
Added Component: Designator=TP12(Test_Point)
Added Pin To Net: NetName=LINK_LED Pin=J5-1
Added Pin To Net: NetName=LINK_LED Pin=TP12-1
Added Pin To Net: NetName=LINK_LED Pin=U8-2
Added Pin To Net: NetName=NetR7_2 Pin=R7-2
Added Pin To Net: NetName=NetR7_2 Pin=U8-1
Added Net: Name=NetR7_2
Added Pin To Net: NetName=RPI_3V3 Pin=J2-1
Added Pin To Net: NetName=RPI_3V3 Pin=R7-1
Added Pin To Net: NetName=RPI_3V3 Pin=TP4-1
Added Net: Name=RPI_3V3
Added Member To Class: ClassName=beovox-poe Member=Component J5 PZ254V-11-01P
Added Member To Class: ClassName=beovox-poe Member=Component TP12 TP
