Removed Pin From Net: NetName=NetR17_2 Pin=T1-1
Removed Pin From Net: NetName=NetCONN2_1 Pin=T1-2
Removed Pin From Net: NetName=NetCONN2_2 Pin=T1-3
Removed Pin From Net: NetName=NetR16_2 Pin=T1-4
Removed Pin From Net: NetName=NetCONN2_3 Pin=T1-5
Removed Pin From Net: NetName=NetCONN2_6 Pin=T1-6
Removed Pin From Net: NetName=NetR15_2 Pin=T1-7
Removed Pin From Net: NetName=NetCONN2_4 Pin=T1-8
Removed Pin From Net: NetName=NetCONN2_5 Pin=T1-9
Removed Pin From Net: NetName=NetR14_2 Pin=T1-10
Removed Pin From Net: NetName=NetCONN2_7 Pin=T1-11
Removed Pin From Net: NetName=NetCONN2_8 Pin=T1-12
Removed Pin From Net: NetName=NetCONN1_8 Pin=T1-13
Removed Pin From Net: NetName=NetCONN1_7 Pin=T1-14
Removed Pin From Net: NetName=NetD3_1 Pin=T1-15
Removed Pin From Net: NetName=NetCONN1_5 Pin=T1-16
Removed Pin From Net: NetName=NetCONN1_4 Pin=T1-17
Removed Pin From Net: NetName=NetD1_2 Pin=T1-18
Removed Pin From Net: NetName=NetCONN1_6 Pin=T1-19
Removed Pin From Net: NetName=NetCONN1_3 Pin=T1-20
Removed Pin From Net: NetName=NetD9_1 Pin=T1-21
Removed Pin From Net: NetName=NetCONN1_2 Pin=T1-22
Removed Pin From Net: NetName=NetCONN1_1 Pin=T1-23
Removed Pin From Net: NetName=NetD7_2 Pin=T1-24
Added Pin To Net: NetName=NetR14_2 Pin=T1-1
Added Pin To Net: NetName=NetCONN2_8 Pin=T1-2
Added Pin To Net: NetName=NetCONN2_7 Pin=T1-3
Added Pin To Net: NetName=NetR15_2 Pin=T1-4
Added Pin To Net: NetName=NetCONN2_5 Pin=T1-5
Added Pin To Net: NetName=NetCONN2_4 Pin=T1-6
Added Pin To Net: NetName=NetR16_2 Pin=T1-7
Added Pin To Net: NetName=NetCONN2_6 Pin=T1-8
Added Pin To Net: NetName=NetCONN2_3 Pin=T1-9
Added Pin To Net: NetName=NetR17_2 Pin=T1-10
Added Pin To Net: NetName=NetCONN2_2 Pin=T1-11
Added Pin To Net: NetName=NetCONN2_1 Pin=T1-12
Added Pin To Net: NetName=NetCONN1_1 Pin=T1-13
Added Pin To Net: NetName=NetCONN1_2 Pin=T1-14
Added Pin To Net: NetName=NetD7_2 Pin=T1-15
Added Pin To Net: NetName=NetCONN1_3 Pin=T1-16
Added Pin To Net: NetName=NetCONN1_6 Pin=T1-17
Added Pin To Net: NetName=NetD9_1 Pin=T1-18
Added Pin To Net: NetName=NetCONN1_4 Pin=T1-19
Added Pin To Net: NetName=NetCONN1_5 Pin=T1-20
Added Pin To Net: NetName=NetD1_2 Pin=T1-21
Added Pin To Net: NetName=NetCONN1_7 Pin=T1-22
Added Pin To Net: NetName=NetCONN1_8 Pin=T1-23
Added Pin To Net: NetName=NetD3_1 Pin=T1-24
