Removed Pin From Net: NetName=RPI_3V3 Pin=J2-1
Removed Pin From Net: NetName=LINK_LED Pin=J5-1
Removed Member From Class: ClassName=beovox-poe Member=J5
Change Component Footprint: Designator=J2 Old Footprint=61300111121 New Footprint=HDR_MALE_1X6_2.54
Change Component Comment : Designator=J2 Old Comment=PZ254V-11-01P New Comment=PZ254V-11-06P
Change component parameters: Designator = "J2" ("J2"); Footprint = "61300111121"; UniqueID = "\CPALUOGZ" ("\CPALUOGZ")
Change component parameters (AddParameter): Name = "ComponentLink1Description"; Value = "LCSC"; VariantName = "[No Variations]"
Change component parameters (AddParameter): Name = "ComponentLink1URL"; Value = "https://www.lcsc.com/product-detail/Pin-Headers_XFCN-PZ254V-11-06P_C492405.html"; VariantName = "[No Variations]"
Change component parameters (AddParameter): Name = "Manufacturer"; Value = "XFCN"; VariantName = "[No Variations]"
Change component parameters (AddParameter): Name = "Manufacurer Part Number"; Value = "PZ254V-11-06P"; VariantName = "[No Variations]"
Change component parameters (AddParameter): Name = "Supplier"; Value = "LCSC"; VariantName = "[No Variations]"
Change component parameters (AddParameter): Name = "Supplier Part Number"; Value = "C492405"; VariantName = "[No Variations]"
Added Pin To Net: NetName=VOUT1 Pin=D12-1
Added Pin To Net: NetName=VOUT1 Pin=D12-3
Added Pin To Net: NetName=VOUT1 Pin=D12-5
Added Pin To Net: NetName=GND Pin=J2-1
Added Pin To Net: NetName=LINK_LED Pin=J2-2
Added Pin To Net: NetName=RPI_3V3 Pin=J2-3
Added Pin To Net: NetName=NetD12_2 Pin=D12-2
Added Pin To Net: NetName=NetD12_2 Pin=R5-1
Added Net: Name=NetD12_2
Added Pin To Net: NetName=NetD12_4 Pin=D12-4
Added Pin To Net: NetName=NetD12_4 Pin=R6-1
Added Net: Name=NetD12_4
Added Pin To Net: NetName=NetD12_6 Pin=D12-6
Added Pin To Net: NetName=NetD12_6 Pin=R8-1
Added Net: Name=NetD12_6
Added Pin To Net: NetName=Type2 Pin=J2-6
Added Net: Name=Type2
Added Pin To Net: NetName=Type3 Pin=J2-5
Added Net: Name=Type3
Added Pin To Net: NetName=Type4 Pin=J2-4
Added Net: Name=Type4
