Removed Pin From Net: NetName=VOUT2 Pin=Q1-1
Removed Pin From Net: NetName=VOUT2 Pin=Q1-2
Removed Pin From Net: NetName=VOUT2 Pin=Q1-3
Removed Pin From Net: NetName=VCC Pin=Q1-5
Removed Pin From Net: NetName=VCC Pin=Q1-6
Removed Pin From Net: NetName=VCC Pin=Q1-7
Removed Pin From Net: NetName=VCC Pin=Q1-8
Removed Pin From Net: NetName=BARREL_IN Pin=Q2-1
Removed Pin From Net: NetName=BARREL_IN Pin=Q2-2
Removed Pin From Net: NetName=BARREL_IN Pin=Q2-3
Removed Pin From Net: NetName=VCC Pin=Q2-5
Removed Pin From Net: NetName=VCC Pin=Q2-6
Removed Pin From Net: NetName=VCC Pin=Q2-7
Removed Pin From Net: NetName=VCC Pin=Q2-8
Added Pin To Net: NetName=VCC Pin=Q1-1
Added Pin To Net: NetName=VCC Pin=Q1-2
Added Pin To Net: NetName=VCC Pin=Q1-3
Added Pin To Net: NetName=VOUT2 Pin=Q1-5
Added Pin To Net: NetName=VOUT2 Pin=Q1-6
Added Pin To Net: NetName=VOUT2 Pin=Q1-7
Added Pin To Net: NetName=VOUT2 Pin=Q1-8
Added Pin To Net: NetName=VCC Pin=Q2-1
Added Pin To Net: NetName=VCC Pin=Q2-2
Added Pin To Net: NetName=VCC Pin=Q2-3
Added Pin To Net: NetName=BARREL_IN Pin=Q2-5
Added Pin To Net: NetName=BARREL_IN Pin=Q2-6
Added Pin To Net: NetName=BARREL_IN Pin=Q2-7
Added Pin To Net: NetName=BARREL_IN Pin=Q2-8
