Removed Pin From Net: NetName=PSE_OUT Pin=C5-1
Removed Pin From Net: NetName=GND Pin=C6-2
Removed Pin From Net: NetName=+21V Pin=D12-2
Removed Pin From Net: NetName=+21V Pin=R4-2
Removed Pin From Net: NetName=NetR14_2 Pin=T1-1
Removed Pin From Net: NetName=NetCONN2_7 Pin=T1-2
Removed Pin From Net: NetName=NetCONN2_8 Pin=T1-3
Removed Pin From Net: NetName=NetR15_2 Pin=T1-4
Removed Pin From Net: NetName=NetCONN2_4 Pin=T1-5
Removed Pin From Net: NetName=NetCONN2_5 Pin=T1-6
Removed Pin From Net: NetName=NetR16_2 Pin=T1-7
Removed Pin From Net: NetName=NetCONN2_6 Pin=T1-8
Removed Pin From Net: NetName=NetCONN2_3 Pin=T1-9
Removed Pin From Net: NetName=NetR17_2 Pin=T1-10
Removed Pin From Net: NetName=NetCONN2_2 Pin=T1-11
Removed Pin From Net: NetName=NetCONN2_1 Pin=T1-12
Removed Pin From Net: NetName=NetCONN1_1 Pin=T1-13
Removed Pin From Net: NetName=NetCONN1_2 Pin=T1-14
Removed Pin From Net: NetName=NetD7_2 Pin=T1-15
Removed Pin From Net: NetName=NetCONN1_3 Pin=T1-16
Removed Pin From Net: NetName=NetCONN1_6 Pin=T1-17
Removed Pin From Net: NetName=NetD9_1 Pin=T1-18
Removed Pin From Net: NetName=NetCONN1_5 Pin=T1-19
Removed Pin From Net: NetName=NetCONN1_4 Pin=T1-20
Removed Pin From Net: NetName=NetD1_2 Pin=T1-21
Removed Pin From Net: NetName=NetCONN1_8 Pin=T1-22
Removed Pin From Net: NetName=NetCONN1_7 Pin=T1-23
Removed Pin From Net: NetName=NetD3_1 Pin=T1-24
Change Component Footprint: Designator=C5 Old Footprint=CAP_TH_5_10X16 New Footprint=CAP_TH_5_10X20
Change Component Footprint: Designator=C6 Old Footprint=CAP_TH_5_10X16 New Footprint=CAP_TH_5_10X20
Change Component Footprint: Designator=Q1 Old Footprint=TRANS_HSMT8 New Footprint=TRANS_8PowerTDFN
Change Component Footprint: Designator=Q2 Old Footprint=TRANS_HSMT8 New Footprint=TRANS_8PowerTDFN
Change Component Comment : Designator=C5 Old Comment=1000uF 25V New Comment=1000uF 35V
Change Component Comment : Designator=C6 Old Comment=1000uF 25V New Comment=1000uF 35V
Change Component Comment : Designator=Q1 Old Comment=RH6P040BHTB1 New Comment=100V 40A
Change Component Comment : Designator=Q2 Old Comment=RH6P040BHTB1 New Comment=100V 40A
Change component parameters: Designator = "C5" ("C5"); Footprint = "CAP_TH_5_10X16"; UniqueID = "\MKUUZXLY" ("\MKUUZXLY")
Change component parameters (AddParameter): Name = "ComponentLink1Description"; Value = "LCSC"; VariantName = "[No Variations]"
Change component parameters (AddParameter): Name = "ComponentLink1URL"; Value = "https://www.lcsc.com/product-detail/Aluminum-Electrolytic-Capacitors-Leaded_AISHI-Aihua-Group-ERR1VM102G20OT_C398835.html"; VariantName = "[No Variations]"
Change component parameters (AddParameter): Name = "Manufacturer"; Value = "AISHI"; VariantName = "[No Variations]"
Change component parameters (AddParameter): Name = "Manufacturer Part Number"; Value = "ERR1VM102G20OT"; VariantName = "[No Variations]"
Change component parameters (AddParameter): Name = "Supplier"; Value = "LCSC"; VariantName = "[No Variations]"
Change component parameters (AddParameter): Name = "Supplier Part Number"; Value = "C398835"; VariantName = "[No Variations]"
Change component parameters (AddParameter): Name = "Value"; Value = "1000uF"; VariantName = "[No Variations]"
Change component parameters (AddParameter): Name = "Voltage"; Value = "35V"; VariantName = "[No Variations]"
Change component parameters: Designator = "C6" ("C6"); Footprint = "CAP_TH_5_10X16"; UniqueID = "\ZNPVNIGW" ("\ZNPVNIGW")
Change component parameters (AddParameter): Name = "ComponentLink1Description"; Value = "LCSC"; VariantName = "[No Variations]"
Change component parameters (AddParameter): Name = "ComponentLink1URL"; Value = "https://www.lcsc.com/product-detail/Aluminum-Electrolytic-Capacitors-Leaded_AISHI-Aihua-Group-ERR1VM102G20OT_C398835.html"; VariantName = "[No Variations]"
Change component parameters (AddParameter): Name = "Manufacturer"; Value = "AISHI"; VariantName = "[No Variations]"
Change component parameters (AddParameter): Name = "Manufacturer Part Number"; Value = "ERR1VM102G20OT"; VariantName = "[No Variations]"
Change component parameters (AddParameter): Name = "Supplier"; Value = "LCSC"; VariantName = "[No Variations]"
Change component parameters (AddParameter): Name = "Supplier Part Number"; Value = "C398835"; VariantName = "[No Variations]"
Change component parameters (AddParameter): Name = "Value"; Value = "1000uF"; VariantName = "[No Variations]"
Change component parameters (AddParameter): Name = "Voltage"; Value = "35V"; VariantName = "[No Variations]"
Change component parameters: Designator = "Q1" ("Q1"); Footprint = "TRANS_HSMT8"; UniqueID = "\BLXXCUUS" ("\BLXXCUUS")
Change component parameters (AddParameter): Name = "Category"; Value = "MOSFETs"; VariantName = "[No Variations]"
Change component parameters (AddParameter): Name = "ComponentLink1Description"; Value = "http://www.mouser.com/ds/2/196/Infineon-BSZ097N10NS5-DS-v02_01-en-531392.pdf?src-supplier=Mouser"; VariantName = "[No Variations]"
Change component parameters (AddParameter): Name = "ComponentLink1URL"; Value = "http://www.mouser.com/ds/2/196/Infineon-BSZ097N10NS5-DS-v02_01-en-531392.pdf?src-supplier=Mouser"; VariantName = "[No Variations]"
Change component parameters (AddParameter): Name = "ComponentLink2Description"; Value = "http://www.farnell.com/datasheets/2255497.pdf?src-supplier=Farnell"; VariantName = "[No Variations]"
Change component parameters (AddParameter): Name = "ComponentLink2URL"; Value = "http://www.farnell.com/datasheets/2255497.pdf?src-supplier=Farnell"; VariantName = "[No Variations]"
Change component parameters (AddParameter): Name = "ComponentLink3Description"; Value = "https://www.infineon.com/dgdl/Infineon-BSZ097N10NS5-DS-v02_01-en.pdf?fileId=5546d461454603990145d5a1b051648d&src-supplier=Digikey"; VariantName = "[No Variations]"
Change component parameters (AddParameter): Name = "ComponentLink3URL"; Value = "https://www.infineon.com/dgdl/Infineon-BSZ097N10NS5-DS-v02_01-en.pdf?fileId=5546d461454603990145d5a1b051648d&src-supplier=Digikey"; VariantName = "[No Variations]"
Change component parameters (AddParameter): Name = "ComponentLink4Description"; Value = "http://www.infineon.com/dgdl/Infineon-BSZ097N10NS5-DS-v02_01-en.pdf?fileId=5546d461454603990145d5a1b051648d&src-supplier=Digikey"; VariantName = "[No Variations]"
Change component parameters (AddParameter): Name = "ComponentLink4URL"; Value = "http://www.infineon.com/dgdl/Infineon-BSZ097N10NS5-DS-v02_01-en.pdf?fileId=5546d461454603990145d5a1b051648d&src-supplier=Digikey"; VariantName = "[No Variations]"
Change component parameters (AddParameter): Name = "Continuous Drain Current (ID)"; Value = "40A"; VariantName = "[No Variations]"
Change component parameters (AddParameter): Name = "Drain to Source Resistance"; Value = "13mR"; VariantName = "[No Variations]"
Change component parameters (AddParameter): Name = "Drain to Source Voltage (Vdss)"; Value = "100V"; VariantName = "[No Variations]"
Change component parameters (AddParameter): Name = "Fall Time"; Value = "5ns"; VariantName = "[No Variations]"
Change component parameters (AddParameter): Name = "Gate to Source Voltage (Vgs)"; Value = "20V"; VariantName = "[No Variations]"
Change component parameters (AddParameter): Name = "Halogen Free"; Value = "Halogen Free"; VariantName = "[No Variations]"
Change component parameters (AddParameter): Name = "Input Capacitance"; Value = "2.08nF"; VariantName = "[No Variations]"
Change component parameters (AddParameter): Name = "Lead Free"; Value = "Contains Lead"; VariantName = "[No Variations]"
Change component parameters (AddParameter): Name = "Manufacturer"; Value = "Infineon"; VariantName = "[No Variations]"
Change component parameters (AddParameter): Name = "Manufacturer Part Number"; Value = "BSZ097N10NS5ATMA1"; VariantName = "[No Variations]"
Change component parameters (AddParameter): Name = "Max Dual Supply Voltage"; Value = "100V"; VariantName = "[No Variations]"
Change component parameters (AddParameter): Name = "Max Operating Temperature"; Value = "150°C"; VariantName = "[No Variations]"
Change component parameters (AddParameter): Name = "Max Power Dissipation"; Value = "69W"; VariantName = "[No Variations]"
Change component parameters (AddParameter): Name = "Min Operating Temperature"; Value = "-55°C"; VariantName = "[No Variations]"
Change component parameters (AddParameter): Name = "Mount"; Value = "Surface Mount"; VariantName = "[No Variations]"
Change component parameters (AddParameter): Name = "Number of Channels"; Value = "1"; VariantName = "[No Variations]"
Change component parameters (AddParameter): Name = "Number of Pins"; Value = "8"; VariantName = "[No Variations]"
Change component parameters (AddParameter): Name = "On-State Resistance"; Value = "9.7mR"; VariantName = "[No Variations]"
Change component parameters (AddParameter): Name = "Package Quantity"; Value = "5000"; VariantName = "[No Variations]"
Change component parameters (AddParameter): Name = "Packaging"; Value = "Tape and Reel"; VariantName = "[No Variations]"
Change component parameters (AddParameter): Name = "Polarity"; Value = "N-CHANNEL"; VariantName = "[No Variations]"
Change component parameters (AddParameter): Name = "Power Dissipation"; Value = "69W"; VariantName = "[No Variations]"
Change component parameters (AddParameter): Name = "Pricing 1"; Value = "1=1.81, 10=1.5, 50=1.5, 100=1.2, 1000=0.892, 10000=0.757 (USD)"; VariantName = "[No Variations]"
Change component parameters (AddParameter): Name = "Rds On Max"; Value = "9.7mR"; VariantName = "[No Variations]"
Change component parameters (AddParameter): Name = "Rise Time"; Value = "5ns"; VariantName = "[No Variations]"
Change component parameters (AddParameter): Name = "RoHS"; Value = "Yes"; VariantName = "[No Variations]"
Change component parameters (AddParameter): Name = "RoHS Compliant"; Value = "Yes"; VariantName = "[No Variations]"
Change component parameters (AddParameter): Name = "Series"; Value = "OptiMOS™"; VariantName = "[No Variations]"
Change component parameters (AddParameter): Name = "Stock 1"; Value = "24743"; VariantName = "[No Variations]"
Change component parameters (AddParameter): Name = "Supplier 1"; Value = "Mouser"; VariantName = "[No Variations]"
Change component parameters (AddParameter): Name = "Supplier Part Number 1"; Value = "726-BSZ097N10NS5"; VariantName = "[No Variations]"
Change component parameters (AddParameter): Name = "Turn-Off Delay Time"; Value = "21ns"; VariantName = "[No Variations]"
Change component parameters (AddParameter): Name = "Turn-On Delay Time"; Value = "11ns"; VariantName = "[No Variations]"
Change component parameters: Designator = "Q2" ("Q2"); Footprint = "TRANS_HSMT8"; UniqueID = "\KTYFACLA" ("\KTYFACLA")
Change component parameters (AddParameter): Name = "Category"; Value = "MOSFETs"; VariantName = "[No Variations]"
Change component parameters (AddParameter): Name = "ComponentLink1Description"; Value = "http://www.mouser.com/ds/2/196/Infineon-BSZ097N10NS5-DS-v02_01-en-531392.pdf?src-supplier=Mouser"; VariantName = "[No Variations]"
Change component parameters (AddParameter): Name = "ComponentLink1URL"; Value = "http://www.mouser.com/ds/2/196/Infineon-BSZ097N10NS5-DS-v02_01-en-531392.pdf?src-supplier=Mouser"; VariantName = "[No Variations]"
Change component parameters (AddParameter): Name = "ComponentLink2Description"; Value = "http://www.farnell.com/datasheets/2255497.pdf?src-supplier=Farnell"; VariantName = "[No Variations]"
Change component parameters (AddParameter): Name = "ComponentLink2URL"; Value = "http://www.farnell.com/datasheets/2255497.pdf?src-supplier=Farnell"; VariantName = "[No Variations]"
Change component parameters (AddParameter): Name = "ComponentLink3Description"; Value = "https://www.infineon.com/dgdl/Infineon-BSZ097N10NS5-DS-v02_01-en.pdf?fileId=5546d461454603990145d5a1b051648d&src-supplier=Digikey"; VariantName = "[No Variations]"
Change component parameters (AddParameter): Name = "ComponentLink3URL"; Value = "https://www.infineon.com/dgdl/Infineon-BSZ097N10NS5-DS-v02_01-en.pdf?fileId=5546d461454603990145d5a1b051648d&src-supplier=Digikey"; VariantName = "[No Variations]"
Change component parameters (AddParameter): Name = "ComponentLink4Description"; Value = "http://www.infineon.com/dgdl/Infineon-BSZ097N10NS5-DS-v02_01-en.pdf?fileId=5546d461454603990145d5a1b051648d&src-supplier=Digikey"; VariantName = "[No Variations]"
Change component parameters (AddParameter): Name = "ComponentLink4URL"; Value = "http://www.infineon.com/dgdl/Infineon-BSZ097N10NS5-DS-v02_01-en.pdf?fileId=5546d461454603990145d5a1b051648d&src-supplier=Digikey"; VariantName = "[No Variations]"
Change component parameters (AddParameter): Name = "Continuous Drain Current (ID)"; Value = "40A"; VariantName = "[No Variations]"
Change component parameters (AddParameter): Name = "Drain to Source Resistance"; Value = "13mR"; VariantName = "[No Variations]"
Change component parameters (AddParameter): Name = "Drain to Source Voltage (Vdss)"; Value = "100V"; VariantName = "[No Variations]"
Change component parameters (AddParameter): Name = "Fall Time"; Value = "5ns"; VariantName = "[No Variations]"
Change component parameters (AddParameter): Name = "Gate to Source Voltage (Vgs)"; Value = "20V"; VariantName = "[No Variations]"
Change component parameters (AddParameter): Name = "Halogen Free"; Value = "Halogen Free"; VariantName = "[No Variations]"
Change component parameters (AddParameter): Name = "Input Capacitance"; Value = "2.08nF"; VariantName = "[No Variations]"
Change component parameters (AddParameter): Name = "Lead Free"; Value = "Contains Lead"; VariantName = "[No Variations]"
Change component parameters (AddParameter): Name = "Manufacturer"; Value = "Infineon"; VariantName = "[No Variations]"
Change component parameters (AddParameter): Name = "Manufacturer Part Number"; Value = "BSZ097N10NS5ATMA1"; VariantName = "[No Variations]"
Change component parameters (AddParameter): Name = "Max Dual Supply Voltage"; Value = "100V"; VariantName = "[No Variations]"
Change component parameters (AddParameter): Name = "Max Operating Temperature"; Value = "150°C"; VariantName = "[No Variations]"
Change component parameters (AddParameter): Name = "Max Power Dissipation"; Value = "69W"; VariantName = "[No Variations]"
Change component parameters (AddParameter): Name = "Min Operating Temperature"; Value = "-55°C"; VariantName = "[No Variations]"
Change component parameters (AddParameter): Name = "Mount"; Value = "Surface Mount"; VariantName = "[No Variations]"
Change component parameters (AddParameter): Name = "Number of Channels"; Value = "1"; VariantName = "[No Variations]"
Change component parameters (AddParameter): Name = "Number of Pins"; Value = "8"; VariantName = "[No Variations]"
Change component parameters (AddParameter): Name = "On-State Resistance"; Value = "9.7mR"; VariantName = "[No Variations]"
Change component parameters (AddParameter): Name = "Package Quantity"; Value = "5000"; VariantName = "[No Variations]"
Change component parameters (AddParameter): Name = "Packaging"; Value = "Tape and Reel"; VariantName = "[No Variations]"
Change component parameters (AddParameter): Name = "Polarity"; Value = "N-CHANNEL"; VariantName = "[No Variations]"
Change component parameters (AddParameter): Name = "Power Dissipation"; Value = "69W"; VariantName = "[No Variations]"
Change component parameters (AddParameter): Name = "Pricing 1"; Value = "1=1.81, 10=1.5, 50=1.5, 100=1.2, 1000=0.892, 10000=0.757 (USD)"; VariantName = "[No Variations]"
Change component parameters (AddParameter): Name = "Rds On Max"; Value = "9.7mR"; VariantName = "[No Variations]"
Change component parameters (AddParameter): Name = "Rise Time"; Value = "5ns"; VariantName = "[No Variations]"
Change component parameters (AddParameter): Name = "RoHS"; Value = "Yes"; VariantName = "[No Variations]"
Change component parameters (AddParameter): Name = "RoHS Compliant"; Value = "Yes"; VariantName = "[No Variations]"
Change component parameters (AddParameter): Name = "Series"; Value = "OptiMOS™"; VariantName = "[No Variations]"
Change component parameters (AddParameter): Name = "Stock 1"; Value = "24743"; VariantName = "[No Variations]"
Change component parameters (AddParameter): Name = "Supplier 1"; Value = "Mouser"; VariantName = "[No Variations]"
Change component parameters (AddParameter): Name = "Supplier Part Number 1"; Value = "726-BSZ097N10NS5"; VariantName = "[No Variations]"
Change component parameters (AddParameter): Name = "Turn-Off Delay Time"; Value = "21ns"; VariantName = "[No Variations]"
Change component parameters (AddParameter): Name = "Turn-On Delay Time"; Value = "11ns"; VariantName = "[No Variations]"
Added Component: Designator=J3(SOLDER_JUMPER_3)
Added Component: Designator=J4(SOLDER_JUMPER_3)
Added Pin To Net: NetName=PSE_OUT Pin=J3-1
Added Pin To Net: NetName=GND Pin=J4-2
Added Pin To Net: NetName=NetR17_2 Pin=T1-1
Added Pin To Net: NetName=NetCONN2_1 Pin=T1-2
Added Pin To Net: NetName=NetCONN2_2 Pin=T1-3
Added Pin To Net: NetName=NetR16_2 Pin=T1-4
Added Pin To Net: NetName=NetCONN2_3 Pin=T1-5
Added Pin To Net: NetName=NetCONN2_6 Pin=T1-6
Added Pin To Net: NetName=NetR15_2 Pin=T1-7
Added Pin To Net: NetName=NetCONN2_4 Pin=T1-8
Added Pin To Net: NetName=NetCONN2_5 Pin=T1-9
Added Pin To Net: NetName=NetR14_2 Pin=T1-10
Added Pin To Net: NetName=NetCONN2_7 Pin=T1-11
Added Pin To Net: NetName=NetCONN2_8 Pin=T1-12
Added Pin To Net: NetName=NetCONN1_8 Pin=T1-13
Added Pin To Net: NetName=NetCONN1_7 Pin=T1-14
Added Pin To Net: NetName=NetD3_1 Pin=T1-15
Added Pin To Net: NetName=NetCONN1_5 Pin=T1-16
Added Pin To Net: NetName=NetCONN1_4 Pin=T1-17
Added Pin To Net: NetName=NetD1_2 Pin=T1-18
Added Pin To Net: NetName=NetCONN1_6 Pin=T1-19
Added Pin To Net: NetName=NetCONN1_3 Pin=T1-20
Added Pin To Net: NetName=NetD9_1 Pin=T1-21
Added Pin To Net: NetName=NetCONN1_2 Pin=T1-22
Added Pin To Net: NetName=NetCONN1_1 Pin=T1-23
Added Pin To Net: NetName=NetD7_2 Pin=T1-24
Change Net Name : Old Net Name=+21V New Net Name=VCC
Change Net Name : Old Net Name=PSE_OUT New Net Name=VOUT2
Added Pin To Net: NetName=0V2 Pin=J3-3
Added Pin To Net: NetName=0V2 Pin=J4-1
Added Pin To Net: NetName=0V2 Pin=U1-11
Added Pin To Net: NetName=0V2 Pin=U1-12
Added Net: Name=0V2
Added Pin To Net: NetName=VOUT1 Pin=D12-2
Added Pin To Net: NetName=VOUT1 Pin=J3-2
Added Pin To Net: NetName=VOUT1 Pin=R4-2
Added Pin To Net: NetName=VOUT1 Pin=U1-13
Added Pin To Net: NetName=VOUT1 Pin=U1-14
Added Net: Name=VOUT1
Added Member To Class: ClassName=beovox-poe Member=Component J3 JUMPER
Added Member To Class: ClassName=beovox-poe Member=Component J4 JUMPER
