Added Component: Designator=MP1(SMTSOM330STR)
Add component (AddParameter): Name = "ComponentLink1Description"; Value = "LCSC"; VariantName = "[No Variations]"
Add component (AddParameter): Name = "ComponentLink1URL"; Value = "https://www.lcsc.com/product-detail/Other-nuts_YIYUAN-SMTSOM330STR_C5221849.html"; VariantName = "[No Variations]"
Add component (AddParameter): Name = "Manufacturer"; Value = "YIYUAN"; VariantName = "[No Variations]"
Add component (AddParameter): Name = "Manufacturer Part Number"; Value = "SMTSOM330STR"; VariantName = "[No Variations]"
Add component (AddParameter): Name = "Supplier"; Value = "LCSC"; VariantName = "[No Variations]"
Add component (AddParameter): Name = "Supplier Part Number"; Value = "C5221849"; VariantName = "[No Variations]"
Added Component: Designator=MP2(SMTSOM330STR)
Add component (AddParameter): Name = "ComponentLink1Description"; Value = "LCSC"; VariantName = "[No Variations]"
Add component (AddParameter): Name = "ComponentLink1URL"; Value = "https://www.lcsc.com/product-detail/Other-nuts_YIYUAN-SMTSOM330STR_C5221849.html"; VariantName = "[No Variations]"
Add component (AddParameter): Name = "Manufacturer"; Value = "YIYUAN"; VariantName = "[No Variations]"
Add component (AddParameter): Name = "Manufacturer Part Number"; Value = "SMTSOM330STR"; VariantName = "[No Variations]"
Add component (AddParameter): Name = "Supplier"; Value = "LCSC"; VariantName = "[No Variations]"
Add component (AddParameter): Name = "Supplier Part Number"; Value = "C5221849"; VariantName = "[No Variations]"
Added Component: Designator=MP3(SMTSOM330STR)
Add component (AddParameter): Name = "ComponentLink1Description"; Value = "LCSC"; VariantName = "[No Variations]"
Add component (AddParameter): Name = "ComponentLink1URL"; Value = "https://www.lcsc.com/product-detail/Other-nuts_YIYUAN-SMTSOM330STR_C5221849.html"; VariantName = "[No Variations]"
Add component (AddParameter): Name = "Manufacturer"; Value = "YIYUAN"; VariantName = "[No Variations]"
Add component (AddParameter): Name = "Manufacturer Part Number"; Value = "SMTSOM330STR"; VariantName = "[No Variations]"
Add component (AddParameter): Name = "Supplier"; Value = "LCSC"; VariantName = "[No Variations]"
Add component (AddParameter): Name = "Supplier Part Number"; Value = "C5221849"; VariantName = "[No Variations]"
Added Component: Designator=MP4(SMTSOM330STR)
Add component (AddParameter): Name = "ComponentLink1Description"; Value = "LCSC"; VariantName = "[No Variations]"
Add component (AddParameter): Name = "ComponentLink1URL"; Value = "https://www.lcsc.com/product-detail/Other-nuts_YIYUAN-SMTSOM330STR_C5221849.html"; VariantName = "[No Variations]"
Add component (AddParameter): Name = "Manufacturer"; Value = "YIYUAN"; VariantName = "[No Variations]"
Add component (AddParameter): Name = "Manufacturer Part Number"; Value = "SMTSOM330STR"; VariantName = "[No Variations]"
Add component (AddParameter): Name = "Supplier"; Value = "LCSC"; VariantName = "[No Variations]"
Add component (AddParameter): Name = "Supplier Part Number"; Value = "C5221849"; VariantName = "[No Variations]"
Added Member To Class: ClassName=beovox-poe Member=Component MP1 SMTSOM330STR
Added Member To Class: ClassName=beovox-poe Member=Component MP2 SMTSOM330STR
Added Member To Class: ClassName=beovox-poe Member=Component MP3 SMTSOM330STR
Added Member To Class: ClassName=beovox-poe Member=Component MP4 SMTSOM330STR
